2026-07-07 02:10:38 [main] INFO  BaseClass - Property File Loaded
2026-07-07 02:10:46 [TestNG-test-Test-2] INFO  BaseClass - Chrome driver instance ids created
2026-07-07 02:10:47 [TestNG-test-Test-1] INFO  BaseClass - Chrome driver instance ids created
2026-07-07 02:10:53 [TestNG-test-Test-1] INFO  BaseClass - Webdriver initizlized and browser maximize
2026-07-07 02:10:53 [TestNG-test-Test-1] TRACE BaseClass - Trace Message
2026-07-07 02:10:53 [TestNG-test-Test-1] DEBUG BaseClass - Debug Message
2026-07-07 02:10:53 [TestNG-test-Test-1] WARN  BaseClass - warn Message
2026-07-07 02:10:53 [TestNG-test-Test-1] INFO  BaseClass - ActionDriver initliazed for thread:28
2026-07-07 02:10:53 [TestNG-test-Test-1] INFO  ActionDriver - Entered text on Element with name: username-->Admin
2026-07-07 02:10:54 [TestNG-test-Test-1] INFO  ActionDriver - Entered text on Element with name: password-->admin123
2026-07-07 02:10:54 [TestNG-test-Test-1] INFO  ActionDriver - clicked an element-->Element with text: Login
2026-07-07 02:10:55 [TestNG-test-Test-2] INFO  BaseClass - Webdriver initizlized and browser maximize
2026-07-07 02:10:55 [TestNG-test-Test-2] TRACE BaseClass - Trace Message
2026-07-07 02:10:55 [TestNG-test-Test-2] DEBUG BaseClass - Debug Message
2026-07-07 02:10:55 [TestNG-test-Test-2] WARN  BaseClass - warn Message
2026-07-07 02:10:55 [TestNG-test-Test-2] INFO  BaseClass - ActionDriver initliazed for thread:29
2026-07-07 02:10:56 [TestNG-test-Test-2] INFO  ActionDriver - Entered text on Element with name: username-->admin1
2026-07-07 02:10:56 [TestNG-test-Test-1] INFO  ActionDriver - Element is displayed Element located using: By.xpath: //div[@class='oxd-brand-banner']//img
2026-07-07 02:10:58 [TestNG-test-Test-3] INFO  BaseClass - Chrome driver instance ids created
2026-07-07 02:10:59 [TestNG-test-Test-2] INFO  ActionDriver - Entered text on Element with name: password-->admin123
2026-07-07 02:11:00 [TestNG-test-Test-2] INFO  ActionDriver - clicked an element-->Element with text: Login
2026-07-07 02:11:01 [TestNG-test-Test-1] INFO  ActionDriver - clicked an element-->Element with text: Sanky Panky
2026-07-07 02:11:01 [TestNG-test-Test-2] INFO  ActionDriver - Texts are Matching:Invalid credentials equals Invalid credentials
2026-07-07 02:11:02 [TestNG-test-Test-3] INFO  BaseClass - Webdriver initizlized and browser maximize
2026-07-07 02:11:02 [TestNG-test-Test-3] TRACE BaseClass - Trace Message
2026-07-07 02:11:02 [TestNG-test-Test-3] DEBUG BaseClass - Debug Message
2026-07-07 02:11:02 [TestNG-test-Test-3] WARN  BaseClass - warn Message
2026-07-07 02:11:02 [TestNG-test-Test-3] INFO  BaseClass - ActionDriver initliazed for thread:30
2026-07-07 02:11:04 [TestNG-test-Test-1] INFO  ActionDriver - clicked an element-->Element with text: Logout
2026-07-07 02:11:05 [TestNG-test-Test-3] INFO  ActionDriver - Entered text on Element with name: username-->Admin
2026-07-07 02:11:05 [TestNG-test-Test-3] INFO  ActionDriver - Entered text on Element with name: password-->admin123
2026-07-07 02:11:06 [TestNG-test-Test-3] INFO  ActionDriver - clicked an element-->Element with text: Login
2026-07-07 02:11:15 [TestNG-test-Test-3] INFO  ActionDriver - Element is displayed Element with text: Admin
2026-07-07 02:11:15 [TestNG-test-Test-3] INFO  ActionDriver - clicked an element-->Element with text: Sanky Panky
2026-07-07 02:11:16 [TestNG-test-Test-1] INFO  BaseClass - WebDriver Instance is closed.
2026-07-07 02:11:16 [TestNG-test-Test-2] INFO  BaseClass - WebDriver Instance is closed.
2026-07-07 02:11:16 [TestNG-test-Test-3] INFO  ActionDriver - clicked an element-->Element with text: Logout
2026-07-07 02:11:19 [TestNG-test-Test-3] INFO  BaseClass - WebDriver Instance is closed.
